<?xml version="1.0" encoding="UTF-8"?>
<!-- Generated by org.testng.reporters.JUnitXMLReporter -->
<testsuite ignored="0" hostname="LAPTOP-9MKQQPJI" failures="0" tests="3" name="Practice Test Automation Application Sanity Test Cases" time="34.814" errors="0" timestamp="2024-12-11T11:00:03 IST">
  <testcase classname="com.pta.qa.testcases.PracticePageTest" name="practicePageTitleTest" time="0.042"/>
  <testcase classname="com.pta.qa.testcases.CoursesPageTest" name="courcesPageTitleTest" time="0.019"/>
  <testcase classname="com.pta.qa.testcases.BlogPageTest" name="blogPageTitleTest" time="0.011"/>
</testsuite> <!-- Practice Test Automation Application Sanity Test Cases -->
