<?xml version="1.0" encoding="UTF-8"?>
<!-- Generated by org.testng.reporters.JUnitXMLReporter -->
<testsuite ignored="0" hostname="LAPTOP-9MKQQPJI" failures="0" tests="3" name="Practice Test Automation Application Sanity Test Cases" time="20.829" errors="0" timestamp="2024-12-11T00:10:31 IST">
  <testcase classname="com.pta.qa.testcases.LoginPageTest" name="loginPageTitleTest" time="0.039"/>
  <testcase classname="com.pta.qa.testcases.LoginPageTest" name="crmLogoImageTest" time="0.077"/>
  <testcase classname="com.pta.qa.testcases.LoginPageTest" name="loginTest" time="1.604"/>
</testsuite> <!-- Practice Test Automation Application Sanity Test Cases -->
