<?xml version="1.0" encoding="UTF-8"?>
<!-- Generated by org.testng.reporters.JUnitXMLReporter -->
<testsuite ignored="0" hostname="LAPTOP-9MKQQPJI" failures="1" tests="21" name="Surefire test" time="160.241" errors="0" timestamp="2025-01-02T19:17:42 IST">
  <testcase classname="com.pta.qa.testcases.BlogPageTest" name="blogPageTitleTest" time="0.134"/>
  <testcase classname="com.pta.qa.testcases.BlogPageTest" name="blogLinkTest" time="0.188"/>
  <testcase classname="com.pta.qa.testcases.ContactPageTest" name="contactPageTitleTest" time="0.067"/>
  <testcase classname="com.pta.qa.testcases.ContactPageTest" name="contactPageTitleTestFailed" time="0.058">
    <failure type="java.lang.AssertionError" message="Contact page title not matched expected [Contact | Practice Test Automation | Selenium WebDriver1] but found [Contact | Practice Test Automation | Selenium WebDriver]">
      <![CDATA[java.lang.AssertionError: Contact page title not matched expected [Contact | Practice Test Automation | Selenium WebDriver1] but found [Contact | Practice Test Automation | Selenium WebDriver]
at com.pta.qa.testcases.ContactPageTest.contactPageTitleTestFailed(ContactPageTest.java:75)
at java.base/java.util.ArrayList.forEach(ArrayList.java:1596)
... Removed 35 stack frames]]>
    </failure>
  </testcase> <!-- contactPageTitleTestFailed -->
  <testcase classname="com.pta.qa.testcases.ContactPageTest" name="contactLinkTest" time="0.237"/>
  <testcase classname="com.pta.qa.testcases.ContactPageTest" name="fillContactFormTest" time="3.161"/>
  <testcase classname="com.pta.qa.testcases.ContactPageTest" name="fillContactFormTest" time="1.924"/>
  <testcase classname="com.pta.qa.testcases.ContactPageTest" name="fillContactFormTest" time="1.649"/>
  <testcase classname="com.pta.qa.testcases.CoursesPageTest" name="courcesPageTitleTest" time="0.03"/>
  <testcase classname="com.pta.qa.testcases.CoursesPageTest" name="coursesLinkTest" time="0.125"/>
  <testcase classname="com.pta.qa.testcases.HomePageTest" name="homePageTitleTest" time="0.06"/>
  <testcase classname="com.pta.qa.testcases.HomePageTest" name="loggedInSuccessfullyTest" time="0.307"/>
  <testcase classname="com.pta.qa.testcases.HomePageTest" name="logoutTest" time="0.615"/>
  <testcase classname="com.pta.qa.testcases.HomePageTest" name="contactLinkTest" time="3.244"/>
  <testcase classname="com.pta.qa.testcases.LoginPageTest" name="loginPageTitleTest" time="0.026"/>
  <testcase classname="com.pta.qa.testcases.LoginPageTest" name="practiceTestAutomationImageTest" time="0.168"/>
  <testcase classname="com.pta.qa.testcases.LoginPageTest" name="loginTest" time="1.429"/>
  <testcase classname="com.pta.qa.testcases.PracticePageTest" name="practicePageTitleTest" time="0.051"/>
  <testcase classname="com.pta.qa.testcases.PracticePageTest" name="practiceLinkTest" time="0.107"/>
  <testcase classname="com.qa.api.testcases.TestExamples" name="test_1" time="2.61"/>
  <testcase classname="com.qa.api.testcases.TestExamples" name="test_2" time="1.579"/>
</testsuite> <!-- Surefire test -->
