<?xml version="1.0" encoding="UTF-8"?>
<!-- Generated by org.testng.reporters.JUnitXMLReporter -->
<testsuite ignored="0" hostname="LAPTOP-9MKQQPJI" failures="0" tests="3" name="Practice Test Automation Application Test Cases" time="21.881" errors="0" timestamp="2024-12-11T00:05:37 IST">
  <testcase classname="com.pta.qa.testcases.LoginPageTest" name="loginPageTitleTest" time="0.038"/>
  <testcase classname="com.pta.qa.testcases.LoginPageTest" name="crmLogoImageTest" time="0.097"/>
  <testcase classname="com.pta.qa.testcases.LoginPageTest" name="loginTest" time="1.677"/>
</testsuite> <!-- Practice Test Automation Application Test Cases -->
