<?xml version="1.0" encoding="UTF-8"?>
<!-- Generated by org.testng.reporters.JUnitXMLReporter -->
<testsuite ignored="2" hostname="LAPTOP-9MKQQPJI" failures="1" tests="5" name="Practice Test Automation Application Test Cases" time="103.116" errors="0" timestamp="2024-12-29T14:23:58 IST">
  <testcase classname="com.pta.qa.testcases.ContactPageTest" name="contactPageTitleTestFailed" time="0.391">
    <skipped/>
  </testcase> <!-- contactPageTitleTestFailed -->
  <testcase classname="com.pta.qa.testcases.ContactPageTest" name="contactPageTitleTestFailed" time="0.129">
    <skipped/>
  </testcase> <!-- contactPageTitleTestFailed -->
  <testcase classname="com.pta.qa.testcases.ContactPageTest" name="contactPageTitleTestFailed" time="0.085">
    <skipped/>
  </testcase> <!-- contactPageTitleTestFailed -->
  <testcase classname="com.pta.qa.testcases.ContactPageTest" name="contactPageTitleTestFailed" time="0.127">
    <failure type="java.lang.AssertionError" message="Contact page title not matched expected [Contact | Practice Test Automation | Selenium WebDriver1] but found [Contact | Practice Test Automation | Selenium WebDriver]">
      <![CDATA[java.lang.AssertionError: Contact page title not matched expected [Contact | Practice Test Automation | Selenium WebDriver1] but found [Contact | Practice Test Automation | Selenium WebDriver]
at com.pta.qa.testcases.ContactPageTest.contactPageTitleTestFailed(ContactPageTest.java:74)
at java.base/java.util.ArrayList.forEach(ArrayList.java:1511)
... Removed 32 stack frames]]>
    </failure>
  </testcase> <!-- contactPageTitleTestFailed -->
  <testcase classname="com.pta.qa.testcases.ContactPageTest" name="contactPageTitleTest" time="0.078"/>
  <testcase classname="com.pta.qa.testcases.ContactPageTest" name="contactLinkTest" time="0.0">
    <ignored/>
  </testcase> <!-- contactLinkTest -->
  <testcase classname="com.pta.qa.testcases.ContactPageTest" name="fillContactFormTest" time="0.0">
    <ignored/>
  </testcase> <!-- fillContactFormTest -->
</testsuite> <!-- Practice Test Automation Application Test Cases -->
