<?xml version="1.0" encoding="UTF-8"?>
<!-- Generated by org.testng.reporters.JUnitXMLReporter -->
<testsuite ignored="2" hostname="LAPTOP-9MKQQPJI" failures="0" tests="0" name="Default test" time="1.064" errors="0" timestamp="2024-12-30T11:15:24 IST">
  <testcase classname="com.qa.api.testcases.PutPatchDeleteExample" name="test_patch" time="0.0">
    <ignored/>
  </testcase> <!-- test_patch -->
  <testcase classname="com.qa.api.testcases.PutPatchDeleteExample" name="test_delete" time="0.0">
    <ignored/>
  </testcase> <!-- test_delete -->
</testsuite> <!-- Default test -->
