<?xml version="1.0" encoding="UTF-8"?>
<!-- Generated by org.testng.reporters.JUnitXMLReporter -->
<testsuite ignored="2" hostname="LAPTOP-9MKQQPJI" failures="0" tests="3" name="Default test" time="41.515" errors="0" timestamp="2024-12-22T23:55:13 IST">
  <testcase classname="com.pta.qa.testcases.ContactPageTest" name="fillContactFormTest" time="1.436"/>
  <testcase classname="com.pta.qa.testcases.ContactPageTest" name="fillContactFormTest" time="1.254"/>
  <testcase classname="com.pta.qa.testcases.ContactPageTest" name="fillContactFormTest" time="1.193"/>
  <testcase classname="com.pta.qa.testcases.ContactPageTest" name="contactLinkTest" time="0.0">
    <ignored/>
  </testcase> <!-- contactLinkTest -->
  <testcase classname="com.pta.qa.testcases.ContactPageTest" name="contactPageTitleTest" time="0.0">
    <ignored/>
  </testcase> <!-- contactPageTitleTest -->
</testsuite> <!-- Default test -->
