<?xml version="1.0" encoding="UTF-8"?>
<!-- Generated by org.testng.reporters.JUnitXMLReporter -->
<testsuite ignored="0" hostname="LAPTOP-9MKQQPJI" failures="0" tests="15" name="Practice Test Automation Application Regression Test Cases" time="130.115" errors="0" timestamp="2024-12-11T11:30:51 IST">
  <testcase classname="com.pta.qa.testcases.LoginPageTest" name="loginPageTitleTest" time="0.04"/>
  <testcase classname="com.pta.qa.testcases.LoginPageTest" name="practiceTestAutomationImageTest" time="0.087"/>
  <testcase classname="com.pta.qa.testcases.LoginPageTest" name="loginTest" time="1.54"/>
  <testcase classname="com.pta.qa.testcases.HomePageTest" name="homePageTitleTest" time="0.046"/>
  <testcase classname="com.pta.qa.testcases.HomePageTest" name="loggedInSuccessfullyTest" time="0.061"/>
  <testcase classname="com.pta.qa.testcases.HomePageTest" name="logoutTest" time="2.125"/>
  <testcase classname="com.pta.qa.testcases.HomePageTest" name="contactLinkTest" time="4.033"/>
  <testcase classname="com.pta.qa.testcases.PracticePageTest" name="practicePageTitleTest" time="0.016"/>
  <testcase classname="com.pta.qa.testcases.PracticePageTest" name="practiceLinkTest" time="0.069"/>
  <testcase classname="com.pta.qa.testcases.CoursesPageTest" name="courcesPageTitleTest" time="0.012"/>
  <testcase classname="com.pta.qa.testcases.CoursesPageTest" name="coursesLinkTest" time="0.094"/>
  <testcase classname="com.pta.qa.testcases.BlogPageTest" name="blogPageTitleTest" time="0.026"/>
  <testcase classname="com.pta.qa.testcases.BlogPageTest" name="blogLinkTest" time="0.042"/>
  <testcase classname="com.pta.qa.testcases.ContactPageTest" name="contactPageTitleTest" time="0.016"/>
  <testcase classname="com.pta.qa.testcases.ContactPageTest" name="contactLinkTest" time="0.057"/>
</testsuite> <!-- Practice Test Automation Application Regression Test Cases -->
