<?xml version="1.0" encoding="UTF-8"?>
<testsuite xmlns:xsi="http://www.w3.org/2001/XMLSchema-instance" xsi:noNamespaceSchemaLocation="https://maven.apache.org/surefire/maven-surefire-plugin/xsd/surefire-test-report.xsd" version="3.0.2" name="TestSuite" time="257.394" tests="19" errors="0" skipped="0" failures="1">
  <properties>
[...]
</properties>
  <testcase name="blogPageTitleTest" classname="com.pta.qa.testcases.BlogPageTest" time="0.1"/>
  <testcase name="blogLinkTest" classname="com.pta.qa.testcases.BlogPageTest" time="0.444"/>
  <testcase name="contactPageTitleTest" classname="com.pta.qa.testcases.ContactPageTest" time="0.15"/>
  <testcase name="contactPageTitleTestFailed" classname="com.pta.qa.testcases.ContactPageTest" time="0.148">
    <failure message="Contact page title not matched expected [Contact | Practice Test Automation | Selenium WebDriver1] but found [Contact | Practice Test Automation | Selenium WebDriver]" type="java.lang.AssertionError"><![CDATA[java.lang.AssertionError: Contact page title not matched expected [Contact | Practice Test Automation | Selenium WebDriver1] but found [Contact | Practice Test Automation | Selenium WebDriver]
	at org.testng.Assert.fail(Assert.java:111)
	at org.testng.Assert.failNotEquals(Assert.java:1578)
	at org.testng.Assert.assertEqualsImpl(Assert.java:150)
	at org.testng.Assert.assertEquals(Assert.java:132)
	at org.testng.Assert.assertEquals(Assert.java:656)
	at com.pta.qa.testcases.ContactPageTest.contactPageTitleTestFailed(ContactPageTest.java:74)
	at java.base/jdk.internal.reflect.DirectMethodHandleAccessor.invoke(DirectMethodHandleAccessor.java:103)
	at java.base/java.lang.reflect.Method.invoke(Method.java:580)
	at org.testng.internal.invokers.MethodInvocationHelper.invokeMethod(MethodInvocationHelper.java:141)
	at org.testng.internal.invokers.TestInvoker.invokeMethod(TestInvoker.java:686)
	at org.testng.internal.invokers.TestInvoker.invokeTestMethod(TestInvoker.java:230)
	at org.testng.internal.invokers.MethodRunner.runInSequence(MethodRunner.java:63)
	at org.testng.internal.invokers.TestInvoker$MethodInvocationAgent.invoke(TestInvoker.java:992)
	at org.testng.internal.invokers.TestInvoker.invokeTestMethods(TestInvoker.java:203)
	at org.testng.internal.invokers.TestMethodWorker.invokeTestMethods(TestMethodWorker.java:154)
	at org.testng.internal.invokers.TestMethodWorker.run(TestMethodWorker.java:134)
	at java.base/java.util.ArrayList.forEach(ArrayList.java:1596)
	at org.testng.TestRunner.privateRun(TestRunner.java:739)
	at org.testng.TestRunner.run(TestRunner.java:614)
	at org.testng.SuiteRunner.runTest(SuiteRunner.java:421)
	at org.testng.SuiteRunner.runSequentially(SuiteRunner.java:413)
	at org.testng.SuiteRunner.privateRun(SuiteRunner.java:373)
	at org.testng.SuiteRunner.run(SuiteRunner.java:312)
	at org.testng.SuiteRunnerWorker.runSuite(SuiteRunnerWorker.java:52)
	at org.testng.SuiteRunnerWorker.run(SuiteRunnerWorker.java:95)
	at org.testng.TestNG.runSuitesSequentially(TestNG.java:1274)
	at org.testng.TestNG.runSuitesLocally(TestNG.java:1208)
	at org.testng.TestNG.runSuites(TestNG.java:1112)
	at org.testng.TestNG.run(TestNG.java:1079)
	at org.apache.maven.surefire.testng.TestNGExecutor.run(TestNGExecutor.java:155)
	at org.apache.maven.surefire.testng.TestNGDirectoryTestSuite.executeMulti(TestNGDirectoryTestSuite.java:169)
	at org.apache.maven.surefire.testng.TestNGDirectoryTestSuite.execute(TestNGDirectoryTestSuite.java:88)
	at org.apache.maven.surefire.testng.TestNGProvider.invoke(TestNGProvider.java:137)
	at org.apache.maven.surefire.booter.ForkedBooter.runSuitesInProcess(ForkedBooter.java:385)
	at org.apache.maven.surefire.booter.ForkedBooter.execute(ForkedBooter.java:162)
	at org.apache.maven.surefire.booter.ForkedBooter.run(ForkedBooter.java:507)
	at org.apache.maven.surefire.booter.ForkedBooter.main(ForkedBooter.java:495)
]]></failure>
  </testcase>
  <testcase name="contactLinkTest" classname="com.pta.qa.testcases.ContactPageTest" time="0.261"/>
  <testcase name="fillContactFormTest[Test1, Test1, test1@test.com, Testing](1)" classname="com.pta.qa.testcases.ContactPageTest" time="7.317"/>
  <testcase name="fillContactFormTest[Test2, Test2, test2@test.com, Testing](2)" classname="com.pta.qa.testcases.ContactPageTest" time="2.903">
    <system-out><![CDATA[12-27-2024 19:59:55 TestBase.java INFO  [main] base.TestBase 68 - Launch Chrome
Navigating to: https://practicetestautomation.com/practice-test-login/
Navigated to: https://practicetestautomation.com/practice-test-login/
Attempting to find element: By.xpath: //input[@id='username']
Element found: By.xpath: //input[@id='username']
Attempting to find element: By.xpath: //input[@id='password']
Element found: By.xpath: //input[@id='password']
Attempting to find element: By.xpath: //button[@id='submit']
Element found: By.xpath: //button[@id='submit']
Attempting to click on element: [[RemoteWebDriver: chrome on linux (2a908656563ffd62af1507ff4240b5ea)] -> xpath: //button[@id='submit']]
Clicked on element: [[RemoteWebDriver: chrome on linux (2a908656563ffd62af1507ff4240b5ea)] -> xpath: //button[@id='submit']]
Attempting to find element: By.xpath: //a[normalize-space()='Contact']
Element found: By.xpath: //a[normalize-space()='Contact']
Attempting to click on element: [[RemoteWebDriver: chrome on linux (2a908656563ffd62af1507ff4240b5ea)] -> xpath: //a[normalize-space()='Contact']]
Clicked on element: [[RemoteWebDriver: chrome on linux (2a908656563ffd62af1507ff4240b5ea)] -> xpath: //a[normalize-space()='Contact']]
Attempting to find element: By.xpath: //input[@id='wpforms-161-field_0']
Element found: By.xpath: //input[@id='wpforms-161-field_0']
Attempting to find element: By.xpath: //input[@id='wpforms-161-field_0-last']
Element found: By.xpath: //input[@id='wpforms-161-field_0-last']
Attempting to find element: By.xpath: //input[@id='wpforms-161-field_1']
Element found: By.xpath: //input[@id='wpforms-161-field_1']
Attempting to find element: By.xpath: //textarea[@id='wpforms-161-field_2']
Element found: By.xpath: //textarea[@id='wpforms-161-field_2']
]]></system-out>
  </testcase>
  <testcase name="fillContactFormTest[Test3, Test3, test3@test.com, Testing](3)" classname="com.pta.qa.testcases.ContactPageTest" time="3.882">
    <system-out><![CDATA[12-27-2024 20:00:11 TestBase.java INFO  [main] base.TestBase 68 - Launch Chrome
Navigating to: https://practicetestautomation.com/practice-test-login/
Navigated to: https://practicetestautomation.com/practice-test-login/
Attempting to find element: By.xpath: //input[@id='username']
Element found: By.xpath: //input[@id='username']
Attempting to find element: By.xpath: //input[@id='password']
Element found: By.xpath: //input[@id='password']
Attempting to find element: By.xpath: //button[@id='submit']
Element found: By.xpath: //button[@id='submit']
Attempting to click on element: [[RemoteWebDriver: chrome on linux (72562fbd07ac64e85e1f02b895d6b44c)] -> xpath: //button[@id='submit']]
Clicked on element: [[RemoteWebDriver: chrome on linux (72562fbd07ac64e85e1f02b895d6b44c)] -> xpath: //button[@id='submit']]
Attempting to find element: By.xpath: //a[normalize-space()='Contact']
Element found: By.xpath: //a[normalize-space()='Contact']
Attempting to click on element: [[RemoteWebDriver: chrome on linux (72562fbd07ac64e85e1f02b895d6b44c)] -> xpath: //a[normalize-space()='Contact']]
Clicked on element: [[RemoteWebDriver: chrome on linux (72562fbd07ac64e85e1f02b895d6b44c)] -> xpath: //a[normalize-space()='Contact']]
Attempting to find element: By.xpath: //input[@id='wpforms-161-field_0']
Element found: By.xpath: //input[@id='wpforms-161-field_0']
Attempting to find element: By.xpath: //input[@id='wpforms-161-field_0-last']
Element found: By.xpath: //input[@id='wpforms-161-field_0-last']
Attempting to find element: By.xpath: //input[@id='wpforms-161-field_1']
Element found: By.xpath: //input[@id='wpforms-161-field_1']
Attempting to find element: By.xpath: //textarea[@id='wpforms-161-field_2']
Element found: By.xpath: //textarea[@id='wpforms-161-field_2']
]]></system-out>
  </testcase>
  <testcase name="courcesPageTitleTest" classname="com.pta.qa.testcases.CoursesPageTest" time="0.019">
    <system-out><![CDATA[12-27-2024 20:00:26 TestBase.java INFO  [main] base.TestBase 68 - Launch Chrome
Navigating to: https://practicetestautomation.com/practice-test-login/
Navigated to: https://practicetestautomation.com/practice-test-login/
Attempting to find element: By.xpath: //input[@id='username']
Element found: By.xpath: //input[@id='username']
Attempting to find element: By.xpath: //input[@id='password']
Element found: By.xpath: //input[@id='password']
Attempting to find element: By.xpath: //button[@id='submit']
Element found: By.xpath: //button[@id='submit']
Attempting to click on element: [[RemoteWebDriver: chrome on linux (37d5f54ba893cb4601a8a64516129a33)] -> xpath: //button[@id='submit']]
Clicked on element: [[RemoteWebDriver: chrome on linux (37d5f54ba893cb4601a8a64516129a33)] -> xpath: //button[@id='submit']]
Attempting to find element: By.xpath: //a[normalize-space()='Courses']
Element found: By.xpath: //a[normalize-space()='Courses']
Attempting to click on element: [[RemoteWebDriver: chrome on linux (37d5f54ba893cb4601a8a64516129a33)] -> xpath: //a[normalize-space()='Courses']]
Clicked on element: [[RemoteWebDriver: chrome on linux (37d5f54ba893cb4601a8a64516129a33)] -> xpath: //a[normalize-space()='Courses']]
]]></system-out>
  </testcase>
  <testcase name="coursesLinkTest" classname="com.pta.qa.testcases.CoursesPageTest" time="0.714">
    <system-out><![CDATA[12-27-2024 20:00:34 TestBase.java INFO  [main] base.TestBase 68 - Launch Chrome
Navigating to: https://practicetestautomation.com/practice-test-login/
Navigated to: https://practicetestautomation.com/practice-test-login/
Attempting to find element: By.xpath: //input[@id='username']
Element found: By.xpath: //input[@id='username']
Attempting to find element: By.xpath: //input[@id='password']
Element found: By.xpath: //input[@id='password']
Attempting to find element: By.xpath: //button[@id='submit']
Element found: By.xpath: //button[@id='submit']
Attempting to click on element: [[RemoteWebDriver: chrome on linux (147c4322ec72fdc38f8c8f20429f73e7)] -> xpath: //button[@id='submit']]
Clicked on element: [[RemoteWebDriver: chrome on linux (147c4322ec72fdc38f8c8f20429f73e7)] -> xpath: //button[@id='submit']]
Attempting to find element: By.xpath: //a[normalize-space()='Courses']
Element found: By.xpath: //a[normalize-space()='Courses']
Attempting to click on element: [[RemoteWebDriver: chrome on linux (147c4322ec72fdc38f8c8f20429f73e7)] -> xpath: //a[normalize-space()='Courses']]
Clicked on element: [[RemoteWebDriver: chrome on linux (147c4322ec72fdc38f8c8f20429f73e7)] -> xpath: //a[normalize-space()='Courses']]
Attempting to find element: By.xpath: //h1[normalize-space()='Courses']
Element found: By.xpath: //h1[normalize-space()='Courses']
]]></system-out>
  </testcase>
  <testcase name="homePageTitleTest" classname="com.pta.qa.testcases.HomePageTest" time="0.087">
    <system-out><![CDATA[12-27-2024 20:00:41 TestBase.java INFO  [main] base.TestBase 68 - Launch Chrome
Navigating to: https://practicetestautomation.com/practice-test-login/
Navigated to: https://practicetestautomation.com/practice-test-login/
Attempting to find element: By.xpath: //input[@id='username']
Element found: By.xpath: //input[@id='username']
Attempting to find element: By.xpath: //input[@id='password']
Element found: By.xpath: //input[@id='password']
Attempting to find element: By.xpath: //button[@id='submit']
Element found: By.xpath: //button[@id='submit']
Attempting to click on element: [[RemoteWebDriver: chrome on linux (1cba05bc647052591dffb231b973b818)] -> xpath: //button[@id='submit']]
Clicked on element: [[RemoteWebDriver: chrome on linux (1cba05bc647052591dffb231b973b818)] -> xpath: //button[@id='submit']]
]]></system-out>
  </testcase>
  <testcase name="loggedInSuccessfullyTest" classname="com.pta.qa.testcases.HomePageTest" time="0.156">
    <system-out><![CDATA[12-27-2024 20:00:47 TestBase.java INFO  [main] base.TestBase 68 - Launch Chrome
Navigating to: https://practicetestautomation.com/practice-test-login/
Navigated to: https://practicetestautomation.com/practice-test-login/
Attempting to find element: By.xpath: //input[@id='username']
Element found: By.xpath: //input[@id='username']
Attempting to find element: By.xpath: //input[@id='password']
Element found: By.xpath: //input[@id='password']
Attempting to find element: By.xpath: //button[@id='submit']
Element found: By.xpath: //button[@id='submit']
Attempting to click on element: [[RemoteWebDriver: chrome on linux (a928cc167876304a22267f74b2fb1620)] -> xpath: //button[@id='submit']]
Clicked on element: [[RemoteWebDriver: chrome on linux (a928cc167876304a22267f74b2fb1620)] -> xpath: //button[@id='submit']]
Attempting to find element: By.xpath: //h1[normalize-space()='Logged In Successfully']
Element found: By.xpath: //h1[normalize-space()='Logged In Successfully']
]]></system-out>
  </testcase>
  <testcase name="logoutTest" classname="com.pta.qa.testcases.HomePageTest" time="0.554">
    <system-out><![CDATA[12-27-2024 20:00:54 TestBase.java INFO  [main] base.TestBase 68 - Launch Chrome
Navigating to: https://practicetestautomation.com/practice-test-login/
Navigated to: https://practicetestautomation.com/practice-test-login/
Attempting to find element: By.xpath: //input[@id='username']
Element found: By.xpath: //input[@id='username']
Attempting to find element: By.xpath: //input[@id='password']
Element found: By.xpath: //input[@id='password']
Attempting to find element: By.xpath: //button[@id='submit']
Element found: By.xpath: //button[@id='submit']
Attempting to click on element: [[RemoteWebDriver: chrome on linux (5d1b373da7bfc6cf709e486936874eab)] -> xpath: //button[@id='submit']]
Clicked on element: [[RemoteWebDriver: chrome on linux (5d1b373da7bfc6cf709e486936874eab)] -> xpath: //button[@id='submit']]
Attempting to find element: By.xpath: //a[normalize-space()='Log out']
Element found: By.xpath: //a[normalize-space()='Log out']
Attempting to click on element: [[RemoteWebDriver: chrome on linux (5d1b373da7bfc6cf709e486936874eab)] -> xpath: //a[normalize-space()='Log out']]
Clicked on element: [[RemoteWebDriver: chrome on linux (5d1b373da7bfc6cf709e486936874eab)] -> xpath: //a[normalize-space()='Log out']]
]]></system-out>
  </testcase>
  <testcase name="contactLinkTest" classname="com.pta.qa.testcases.HomePageTest" time="4.419">
    <system-out><![CDATA[12-27-2024 20:01:00 TestBase.java INFO  [main] base.TestBase 68 - Launch Chrome
Navigating to: https://practicetestautomation.com/practice-test-login/
Navigated to: https://practicetestautomation.com/practice-test-login/
Attempting to find element: By.xpath: //input[@id='username']
Element found: By.xpath: //input[@id='username']
Attempting to find element: By.xpath: //input[@id='password']
Element found: By.xpath: //input[@id='password']
Attempting to find element: By.xpath: //button[@id='submit']
Element found: By.xpath: //button[@id='submit']
Attempting to click on element: [[RemoteWebDriver: chrome on linux (b1a06b2f28bc24159f8ac05ff3a0a225)] -> xpath: //button[@id='submit']]
Clicked on element: [[RemoteWebDriver: chrome on linux (b1a06b2f28bc24159f8ac05ff3a0a225)] -> xpath: //button[@id='submit']]
Attempting to find element: By.xpath: //a[normalize-space()='Contact']
Element found: By.xpath: //a[normalize-space()='Contact']
Attempting to click on element: [[RemoteWebDriver: chrome on linux (b1a06b2f28bc24159f8ac05ff3a0a225)] -> xpath: //a[normalize-space()='Contact']]
Clicked on element: [[RemoteWebDriver: chrome on linux (b1a06b2f28bc24159f8ac05ff3a0a225)] -> xpath: //a[normalize-space()='Contact']]
]]></system-out>
  </testcase>
  <testcase name="loginPageTitleTest" classname="com.pta.qa.testcases.LoginPageTest" time="0.163">
    <system-out><![CDATA[12-27-2024 20:01:14 TestBase.java INFO  [main] base.TestBase 68 - Launch Chrome
Navigating to: https://practicetestautomation.com/practice-test-login/
Navigated to: https://practicetestautomation.com/practice-test-login/
]]></system-out>
  </testcase>
  <testcase name="practiceTestAutomationImageTest" classname="com.pta.qa.testcases.LoginPageTest" time="0.295">
    <system-out><![CDATA[12-27-2024 20:01:20 TestBase.java INFO  [main] base.TestBase 68 - Launch Chrome
Navigating to: https://practicetestautomation.com/practice-test-login/
Navigated to: https://practicetestautomation.com/practice-test-login/
Attempting to find element: By.xpath: //img[@alt='Practice Test Automation']
Element found: By.xpath: //img[@alt='Practice Test Automation']
]]></system-out>
  </testcase>
  <testcase name="loginTest" classname="com.pta.qa.testcases.LoginPageTest" time="2.05">
    <system-out><![CDATA[12-27-2024 20:01:26 TestBase.java INFO  [main] base.TestBase 68 - Launch Chrome
Navigating to: https://practicetestautomation.com/practice-test-login/
Navigated to: https://practicetestautomation.com/practice-test-login/
Attempting to find element: By.xpath: //input[@id='username']
Element found: By.xpath: //input[@id='username']
Attempting to find element: By.xpath: //input[@id='password']
Element found: By.xpath: //input[@id='password']
Attempting to find element: By.xpath: //button[@id='submit']
Element found: By.xpath: //button[@id='submit']
Attempting to click on element: [[RemoteWebDriver: chrome on linux (97ae76c1f48c01c15b6c49e773ed2b92)] -> xpath: //button[@id='submit']]
Clicked on element: [[RemoteWebDriver: chrome on linux (97ae76c1f48c01c15b6c49e773ed2b92)] -> xpath: //button[@id='submit']]
]]></system-out>
  </testcase>
  <testcase name="practicePageTitleTest" classname="com.pta.qa.testcases.PracticePageTest" time="0.062">
    <system-out><![CDATA[12-27-2024 20:01:32 TestBase.java INFO  [main] base.TestBase 68 - Launch Chrome
Navigating to: https://practicetestautomation.com/practice-test-login/
Navigated to: https://practicetestautomation.com/practice-test-login/
Attempting to find element: By.xpath: //input[@id='username']
Element found: By.xpath: //input[@id='username']
Attempting to find element: By.xpath: //input[@id='password']
Element found: By.xpath: //input[@id='password']
Attempting to find element: By.xpath: //button[@id='submit']
Element found: By.xpath: //button[@id='submit']
Attempting to click on element: [[RemoteWebDriver: chrome on linux (fb77bad57958f4f0152722e1cd75c500)] -> xpath: //button[@id='submit']]
Clicked on element: [[RemoteWebDriver: chrome on linux (fb77bad57958f4f0152722e1cd75c500)] -> xpath: //button[@id='submit']]
Attempting to find element: By.xpath: //a[normalize-space()='Practice']
Element found: By.xpath: //a[normalize-space()='Practice']
Attempting to click on element: [[RemoteWebDriver: chrome on linux (fb77bad57958f4f0152722e1cd75c500)] -> xpath: //a[normalize-space()='Practice']]
Clicked on element: [[RemoteWebDriver: chrome on linux (fb77bad57958f4f0152722e1cd75c500)] -> xpath: //a[normalize-space()='Practice']]
]]></system-out>
  </testcase>
  <testcase name="practiceLinkTest" classname="com.pta.qa.testcases.PracticePageTest" time="0.558">
    <system-out><![CDATA[12-27-2024 20:01:40 TestBase.java INFO  [main] base.TestBase 68 - Launch Chrome
Navigating to: https://practicetestautomation.com/practice-test-login/
Navigated to: https://practicetestautomation.com/practice-test-login/
Attempting to find element: By.xpath: //input[@id='username']
Element found: By.xpath: //input[@id='username']
Attempting to find element: By.xpath: //input[@id='password']
Element found: By.xpath: //input[@id='password']
Attempting to find element: By.xpath: //button[@id='submit']
Element found: By.xpath: //button[@id='submit']
Attempting to click on element: [[RemoteWebDriver: chrome on linux (135363c96dc47af1b1a532d3938c0f2d)] -> xpath: //button[@id='submit']]
Clicked on element: [[RemoteWebDriver: chrome on linux (135363c96dc47af1b1a532d3938c0f2d)] -> xpath: //button[@id='submit']]
Attempting to find element: By.xpath: //a[normalize-space()='Practice']
Element found: By.xpath: //a[normalize-space()='Practice']
Attempting to click on element: [[RemoteWebDriver: chrome on linux (135363c96dc47af1b1a532d3938c0f2d)] -> xpath: //a[normalize-space()='Practice']]
Clicked on element: [[RemoteWebDriver: chrome on linux (135363c96dc47af1b1a532d3938c0f2d)] -> xpath: //a[normalize-space()='Practice']]
Attempting to find element: By.xpath: //h1[normalize-space()='Practice']
Element found: By.xpath: //h1[normalize-space()='Practice']
]]></system-out>
  </testcase>
</testsuite>