<?xml version="1.0" encoding="UTF-8"?>
<testng-results ignored="0" total="2" passed="2" failed="0" skipped="0">
  <reporter-output>
  </reporter-output>
  <suite started-at="2024-12-26T23:42:00 IST" name="Surefire suite" finished-at="2024-12-26T23:43:17 IST" duration-ms="76850">
    <groups>
    </groups>
    <test started-at="2024-12-26T23:42:00 IST" name="Surefire test" finished-at="2024-12-26T23:43:17 IST" duration-ms="76850">
      <class name="com.pta.qa.testcases.BlogPageTest">
        <test-method is-config="true" signature="setup()[pri:0, instance:com.pta.qa.testcases.BlogPageTest@3ba9ad43]" started-at="2024-12-26T23:42:01 IST" name="setup" finished-at="2024-12-26T23:43:00 IST" duration-ms="59375" status="PASS">
          <reporter-output>
          </reporter-output>
        </test-method> <!-- setup -->
        <test-method signature="blogPageTitleTest()[pri:1, instance:com.pta.qa.testcases.BlogPageTest@3ba9ad43]" started-at="2024-12-26T23:43:00 IST" name="blogPageTitleTest" finished-at="2024-12-26T23:43:00 IST" duration-ms="104" status="PASS">
          <reporter-output>
          </reporter-output>
        </test-method> <!-- blogPageTitleTest -->
        <test-method is-config="true" signature="teardown()[pri:0, instance:com.pta.qa.testcases.BlogPageTest@3ba9ad43]" started-at="2024-12-26T23:43:00 IST" name="teardown" finished-at="2024-12-26T23:43:03 IST" duration-ms="3281" status="PASS">
          <reporter-output>
          </reporter-output>
        </test-method> <!-- teardown -->
        <test-method is-config="true" signature="setup()[pri:0, instance:com.pta.qa.testcases.BlogPageTest@3ba9ad43]" started-at="2024-12-26T23:43:03 IST" name="setup" finished-at="2024-12-26T23:43:15 IST" duration-ms="11481" status="PASS">
          <reporter-output>
          </reporter-output>
        </test-method> <!-- setup -->
        <test-method signature="blogLinkTest()[pri:2, instance:com.pta.qa.testcases.BlogPageTest@3ba9ad43]" started-at="2024-12-26T23:43:15 IST" name="blogLinkTest" finished-at="2024-12-26T23:43:15 IST" duration-ms="506" status="PASS">
          <reporter-output>
          </reporter-output>
        </test-method> <!-- blogLinkTest -->
        <test-method is-config="true" signature="teardown()[pri:0, instance:com.pta.qa.testcases.BlogPageTest@3ba9ad43]" started-at="2024-12-26T23:43:15 IST" name="teardown" finished-at="2024-12-26T23:43:17 IST" duration-ms="1673" status="PASS">
          <reporter-output>
          </reporter-output>
        </test-method> <!-- teardown -->
      </class> <!-- com.pta.qa.testcases.BlogPageTest -->
    </test> <!-- Surefire test -->
  </suite> <!-- Surefire suite -->
</testng-results>
