<?xml version="1.0" encoding="UTF-8"?>
<testsuite xmlns:xsi="http://www.w3.org/2001/XMLSchema-instance" xsi:noNamespaceSchemaLocation="https://maven.apache.org/surefire/maven-surefire-plugin/xsd/surefire-test-report.xsd" version="3.0.2" name="com.pta.qa.testcases.BlogPageTest" time="134.522" tests="2" errors="0" skipped="0" failures="0">
  <properties>
[...]
</properties>
  <testcase name="blogPageTitleTest" classname="com.pta.qa.testcases.BlogPageTest" time="0.74">
    <system-out><![CDATA[Navigating to: https://practicetestautomation.com/practice-test-login/
Navigated to: https://practicetestautomation.com/practice-test-login/
Attempting to find element: By.xpath: //input[@id='username']
Element found: By.xpath: //input[@id='username']
Attempting to find element: By.xpath: //input[@id='password']
Element found: By.xpath: //input[@id='password']
Attempting to find element: By.xpath: //button[@id='submit']
Element found: By.xpath: //button[@id='submit']
Attempting to click on element: [[RemoteWebDriver: firefox on linux (4573a340-a9ea-4bc1-9489-0708d9cc902b)] -> xpath: //button[@id='submit']]
Clicked on element: [[RemoteWebDriver: firefox on linux (4573a340-a9ea-4bc1-9489-0708d9cc902b)] -> xpath: //button[@id='submit']]
Attempting to find element: By.xpath: //a[normalize-space()='Blog']
Element found: By.xpath: //a[normalize-space()='Blog']
Attempting to click on element: [[RemoteWebDriver: firefox on linux (4573a340-a9ea-4bc1-9489-0708d9cc902b)] -> xpath: //a[normalize-space()='Blog']]
Clicked on element: [[RemoteWebDriver: firefox on linux (4573a340-a9ea-4bc1-9489-0708d9cc902b)] -> xpath: //a[normalize-space()='Blog']]
]]></system-out>
    <system-err><![CDATA[SLF4J(W): No SLF4J providers were found.
SLF4J(W): Defaulting to no-operation (NOP) logger implementation
SLF4J(W): See https://www.slf4j.org/codes.html#noProviders for further details.
Dec 26, 2024 1:49:17 AM org.openqa.selenium.remote.tracing.opentelemetry.OpenTelemetryTracer createTracer
INFO: Using OpenTelemetry for tracing
]]></system-err>
  </testcase>
  <testcase name="blogLinkTest" classname="com.pta.qa.testcases.BlogPageTest" time="0.367">
    <system-out><![CDATA[Navigating to: https://practicetestautomation.com/practice-test-login/
Navigated to: https://practicetestautomation.com/practice-test-login/
Attempting to find element: By.xpath: //input[@id='username']
Element found: By.xpath: //input[@id='username']
Attempting to find element: By.xpath: //input[@id='password']
Element found: By.xpath: //input[@id='password']
Attempting to find element: By.xpath: //button[@id='submit']
Element found: By.xpath: //button[@id='submit']
Attempting to click on element: [[RemoteWebDriver: firefox on linux (926a48bc-a733-43e2-94ca-d27eb6694ccb)] -> xpath: //button[@id='submit']]
Clicked on element: [[RemoteWebDriver: firefox on linux (926a48bc-a733-43e2-94ca-d27eb6694ccb)] -> xpath: //button[@id='submit']]
Attempting to find element: By.xpath: //a[normalize-space()='Blog']
Element found: By.xpath: //a[normalize-space()='Blog']
Attempting to click on element: [[RemoteWebDriver: firefox on linux (926a48bc-a733-43e2-94ca-d27eb6694ccb)] -> xpath: //a[normalize-space()='Blog']]
Clicked on element: [[RemoteWebDriver: firefox on linux (926a48bc-a733-43e2-94ca-d27eb6694ccb)] -> xpath: //a[normalize-space()='Blog']]
Attempting to find element: By.xpath: //h2[contains(text(),'Engaging with the Selenium Community and Expanding')]
Element found: By.xpath: //h2[contains(text(),'Engaging with the Selenium Community and Expanding')]
]]></system-out>
  </testcase>
</testsuite>