<?xml version="1.0" encoding="UTF-8"?>
<testng-results ignored="2" total="2" passed="0" failed="0" skipped="0">
  <reporter-output>
  </reporter-output>
  <suite started-at="2024-12-30T11:15:23 IST" name="Default suite" finished-at="2024-12-30T11:15:24 IST" duration-ms="1064">
    <groups>
    </groups>
    <test started-at="2024-12-30T11:15:23 IST" name="Default test" finished-at="2024-12-30T11:15:24 IST" duration-ms="1064">
    </test> <!-- Default test -->
  </suite> <!-- Default suite -->
</testng-results>
